<?xml version="1.0" encoding="UTF-8"?>
<!-- Generated by org.testng.reporters.JUnitReportReporter -->
<testsuite hostname="MohdGulfam-PC" failures="0" tests="1" name="testCases.TC005_AddToCartPageTest" time="4.879" errors="0" timestamp="2025-07-11T23:16:03 IST" skipped="0">
  <testcase classname="testCases.TC005_AddToCartPageTest" name="verify_addToCart" time="4.879"/>
</testsuite> <!-- testCases.TC005_AddToCartPageTest -->
