<?xml version="1.0" encoding="UTF-8"?>
<!-- Generated by org.testng.reporters.JUnitReportReporter -->
<testsuite hostname="MohdGulfam-PC" failures="0" tests="5" name="testCases.TC003_LoginDDT" time="44.951" errors="0" timestamp="2025-07-11T12:45:06 IST" skipped="0">
  <testcase classname="testCases.TC003_LoginDDT" name="verify_loginDDT" time="10.691"/>
  <testcase classname="testCases.TC003_LoginDDT" name="verify_loginDDT" time="1.801"/>
  <testcase classname="testCases.TC003_LoginDDT" name="verify_loginDDT" time="10.623"/>
  <testcase classname="testCases.TC003_LoginDDT" name="verify_loginDDT" time="10.632"/>
  <testcase classname="testCases.TC003_LoginDDT" name="verify_loginDDT" time="11.204"/>
</testsuite> <!-- testCases.TC003_LoginDDT -->
