<?xml version="1.0" encoding="UTF-8"?>
<!-- Generated by org.testng.reporters.JUnitReportReporter -->
<testsuite hostname="MohdGulfam-PC" failures="0" tests="1" name="testCases.TC004_SearchProductTest" time="5.810" errors="0" timestamp="2025-07-11T22:39:16 IST" skipped="0">
  <testcase classname="testCases.TC004_SearchProductTest" name="verify_pruductSearch" time="5.810"/>
</testsuite> <!-- testCases.TC004_SearchProductTest -->
