<?xml version="1.0" encoding="UTF-8"?>
<!-- Generated by org.testng.reporters.JUnitReportReporter -->
<testsuite hostname="MohdGulfam-PC" failures="0" tests="1" name="testCases.TC002_LoginTest" time="1.579" errors="0" timestamp="2025-07-11T15:17:54 IST" skipped="0">
  <testcase classname="testCases.TC002_LoginTest" name="verify_login" time="1.579"/>
</testsuite> <!-- testCases.TC002_LoginTest -->
